Line 1: DEBUG - This is a sample log line for our file.
Line 2: CRITICAL - This is a sample log line for our file.
Line 3: ERROR - This is a sample log line for our file.
Line 4: DEBUG - This is a sample log line for our file.
Line 5: ERROR - This is a sample log line for our file.
Line 6: ERROR - This is a sample log line for our file.
Line 7: DEBUG - This is a sample log line for our file.
Line 8: WARNING - This is a sample log line for our file.
Line 9: CRITICAL - This is a sample log line for our file.
Line 10: INFO - This is a sample log line for our file.
Line 11: ERROR - This is a sample log line for our file.
Line 12: CRITICAL - This is a sample log line for our file.
Line 13: INFO - This is a sample log line for our file.
Line 14: DEBUG - This is a sample log line for our file.
Line 15: CRITICAL - This is a sample log line for our file.
Line 16: ERROR - This is a sample log line for our file.
Line 17: ERROR - This is a sample log line for our file.
Line 18: DEBUG - This is a sample log line for our file.
Line 19: INFO - This is a sample log line for our file.
Line 20: ERROR - This is a sample log line for our file.
Line 21: WARNING - This is a sample log line for our file.
Line 22: INFO - This is a sample log line for our file.
Line 23: INFO - This is a sample log line for our file.
Line 24: INFO - This is a sample log line for our file.
Line 25: WARNING - This is a sample log line for our file.
Line 26: INFO - This is a sample log line for our file.
Line 27: DEBUG - This is a sample log line for our file.
Line 28: INFO - This is a sample log line for our file.
Line 29: ERROR - This is a sample log line for our file.
Line 30: DEBUG - This is a sample log line for our file.
Line 31: CRITICAL - This is a sample log line for our file.
Line 32: CRITICAL - This is a sample log line for our file.
Line 33: DEBUG - This is a sample log line for our file.
Line 34: CRITICAL - This is a sample log line for our file.
Line 35: ERROR - This is a sample log line for our file.
Line 36: DEBUG - This is a sample log line for our file.
Line 37: ERROR - This is a sample log line for our file.
Line 38: DEBUG - This is a sample log line for our file.
Line 39: INFO - This is a sample log line for our file.
Line 40: INFO - This is a sample log line for our file.
Line 41: CRITICAL - This is a sample log line for our file.
Line 42: CRITICAL - This is a sample log line for our file.
Line 43: CRITICAL - This is a sample log line for our file.
Line 44: INFO - This is a sample log line for our file.
Line 45: WARNING - This is a sample log line for our file.
Line 46: INFO - This is a sample log line for our file.
Line 47: INFO - This is a sample log line for our file.
Line 48: ERROR - This is a sample log line for our file.
Line 49: WARNING - This is a sample log line for our file.
Line 50: DEBUG - This is a sample log line for our file.
Line 51: INFO - This is a sample log line for our file.
Line 52: WARNING - This is a sample log line for our file.
Line 53: DEBUG - This is a sample log line for our file.
Line 54: ERROR - This is a sample log line for our file.
Line 55: ERROR - This is a sample log line for our file.
Line 56: CRITICAL - This is a sample log line for our file.
Line 57: WARNING - This is a sample log line for our file.
Line 58: WARNING - This is a sample log line for our file.
Line 59: INFO - This is a sample log line for our file.
Line 60: DEBUG - This is a sample log line for our file.
Line 61: ERROR - This is a sample log line for our file.
Line 62: INFO - This is a sample log line for our file.
Line 63: ERROR - This is a sample log line for our file.
Line 64: DEBUG - This is a sample log line for our file.
Line 65: INFO - This is a sample log line for our file.
Line 66: WARNING - This is a sample log line for our file.
Line 67: WARNING - This is a sample log line for our file.
Line 68: INFO - This is a sample log line for our file.
Line 69: CRITICAL - This is a sample log line for our file.
Line 70: ERROR - This is a sample log line for our file.
Line 71: INFO - This is a sample log line for our file.
Line 72: CRITICAL - This is a sample log line for our file.
Line 73: DEBUG - This is a sample log line for our file.
Line 74: WARNING - This is a sample log line for our file.
Line 75: CRITICAL - This is a sample log line for our file.
Line 76: INFO - This is a sample log line for our file.
Line 77: CRITICAL - This is a sample log line for our file.
Line 78: DEBUG - This is a sample log line for our file.
Line 79: DEBUG - This is a sample log line for our file.
Line 80: WARNING - This is a sample log line for our file.
Line 81: ERROR - This is a sample log line for our file.
Line 82: WARNING - This is a sample log line for our file.
Line 83: INFO - This is a sample log line for our file.
Line 84: WARNING - This is a sample log line for our file.
Line 85: ERROR - This is a sample log line for our file.
Line 86: DEBUG - This is a sample log line for our file.
Line 87: CRITICAL - This is a sample log line for our file.
Line 88: ERROR - This is a sample log line for our file.
Line 89: WARNING - This is a sample log line for our file.
Line 90: DEBUG - This is a sample log line for our file.
Line 91: INFO - This is a sample log line for our file.
Line 92: INFO - This is a sample log line for our file.
Line 93: WARNING - This is a sample log line for our file.
Line 94: CRITICAL - This is a sample log line for our file.
Line 95: DEBUG - This is a sample log line for our file.
Line 96: DEBUG - This is a sample log line for our file.
Line 97: WARNING - This is a sample log line for our file.
Line 98: CRITICAL - This is a sample log line for our file.
Line 99: CRITICAL - This is a sample log line for our file.
Line 100: CRITICAL - This is a sample log line for our file.
Line 101: ERROR - This is a sample log line for our file.
Line 102: DEBUG - This is a sample log line for our file.
Line 103: WARNING - This is a sample log line for our file.
Line 104: INFO - This is a sample log line for our file.
Line 105: WARNING - This is a sample log line for our file.
Line 106: INFO - This is a sample log line for our file.
Line 107: ERROR - This is a sample log line for our file.
Line 108: CRITICAL - This is a sample log line for our file.
Line 109: ERROR - This is a sample log line for our file.
Line 110: ERROR - This is a sample log line for our file.
Line 111: DEBUG - This is a sample log line for our file.
Line 112: INFO - This is a sample log line for our file.
Line 113: CRITICAL - This is a sample log line for our file.
Line 114: WARNING - This is a sample log line for our file.
Line 115: INFO - This is a sample log line for our file.
Line 116: WARNING - This is a sample log line for our file.
Line 117: ERROR - This is a sample log line for our file.
Line 118: WARNING - This is a sample log line for our file.
Line 119: DEBUG - This is a sample log line for our file.
Line 120: ERROR - This is a sample log line for our file.
Line 121: CRITICAL - This is a sample log line for our file.
Line 122: ERROR - This is a sample log line for our file.
Line 123: WARNING - This is a sample log line for our file.
Line 124: WARNING - This is a sample log line for our file.
Line 125: CRITICAL - This is a sample log line for our file.
Line 126: CRITICAL - This is a sample log line for our file.
Line 127: INFO - This is a sample log line for our file.
Line 128: ERROR - This is a sample log line for our file.
Line 129: DEBUG - This is a sample log line for our file.
Line 130: DEBUG - This is a sample log line for our file.
Line 131: INFO - This is a sample log line for our file.
Line 132: ERROR - This is a sample log line for our file.
Line 133: ERROR - This is a sample log line for our file.
Line 134: ERROR - This is a sample log line for our file.
Line 135: INFO - This is a sample log line for our file.
Line 136: CRITICAL - This is a sample log line for our file.
Line 137: DEBUG - This is a sample log line for our file.
Line 138: CRITICAL - This is a sample log line for our file.
Line 139: WARNING - This is a sample log line for our file.
Line 140: INFO - This is a sample log line for our file.
Line 141: WARNING - This is a sample log line for our file.
Line 142: ERROR - This is a sample log line for our file.
Line 143: WARNING - This is a sample log line for our file.
Line 144: WARNING - This is a sample log line for our file.
Line 145: INFO - This is a sample log line for our file.
Line 146: ERROR - This is a sample log line for our file.
Line 147: INFO - This is a sample log line for our file.
Line 148: WARNING - This is a sample log line for our file.
Line 149: DEBUG - This is a sample log line for our file.
Line 150: INFO - This is a sample log line for our file.
Line 151: INFO - This is a sample log line for our file.
Line 152: ERROR - This is a sample log line for our file.
Line 153: WARNING - This is a sample log line for our file.
Line 154: DEBUG - This is a sample log line for our file.
Line 155: WARNING - This is a sample log line for our file.
Line 156: WARNING - This is a sample log line for our file.
Line 157: ERROR - This is a sample log line for our file.
Line 158: DEBUG - This is a sample log line for our file.
Line 159: CRITICAL - This is a sample log line for our file.
Line 160: INFO - This is a sample log line for our file.
Line 161: WARNING - This is a sample log line for our file.
Line 162: CRITICAL - This is a sample log line for our file.
Line 163: INFO - This is a sample log line for our file.
Line 164: DEBUG - This is a sample log line for our file.
Line 165: WARNING - This is a sample log line for our file.
Line 166: DEBUG - This is a sample log line for our file.
Line 167: DEBUG - This is a sample log line for our file.
Line 168: ERROR - This is a sample log line for our file.
Line 169: ERROR - This is a sample log line for our file.
Line 170: ERROR - This is a sample log line for our file.
Line 171: INFO - This is a sample log line for our file.
Line 172: INFO - This is a sample log line for our file.
Line 173: CRITICAL - This is a sample log line for our file.
Line 174: ERROR - This is a sample log line for our file.
Line 175: ERROR - This is a sample log line for our file.
Line 176: CRITICAL - This is a sample log line for our file.
Line 177: WARNING - This is a sample log line for our file.
Line 178: ERROR - This is a sample log line for our file.
Line 179: ERROR - This is a sample log line for our file.
Line 180: INFO - This is a sample log line for our file.
Line 181: CRITICAL - This is a sample log line for our file.
